<?xml version="1.0" encoding="UTF-8"?>
<!-- Generated by org.testng.reporters.JUnitXMLReporter -->
<testsuite ignored="0" hostname="abhisharma" failures="0" tests="1" name="Test" time="0.103" errors="0" timestamp="2021-08-16T11:38:41 IST">
  <testcase classname="Pratice3.Report_gen_TestNg" name="@BeforeTest startup" time="0.017">
    <failure type="java.lang.NoClassDefFoundError" message="freemarker/template/TemplateModelException">
      <![CDATA[java.lang.NoClassDefFoundError: freemarker/template/TemplateModelException
at Pratice3.Report_gen_TestNg.startup(Report_gen_TestNg.java:24)
Caused by: java.lang.ClassNotFoundException: freemarker.template.TemplateModelException
at java.base/jdk.internal.loader.BuiltinClassLoader.loadClass(BuiltinClassLoader.java:606)
at java.base/jdk.internal.loader.ClassLoaders$AppClassLoader.loadClass(ClassLoaders.java:168)
at java.base/java.lang.ClassLoader.loadClass(ClassLoader.java:522)
... 26 more
... Removed 25 stack frames]]>
    </failure>
  </testcase> <!-- @BeforeTest startup -->
  <testcase classname="Pratice3.Report_gen_TestNg" name="@AfterTest teardown" time="-1.629094121726E9">
    <skipped/>
  </testcase> <!-- @AfterTest teardown -->
  <testcase classname="Pratice3.Report_gen_TestNg" name="test" time="0.0">
    <skipped/>
  </testcase> <!-- test -->
</testsuite> <!-- Test -->
