<?xml version="1.0" encoding="UTF-8"?>
<!-- Generated by org.testng.reporters.JUnitXMLReporter -->
<testsuite ignored="2" hostname="abhisharma" failures="0" tests="3" name="GRP-b" time="0.083" errors="0" timestamp="2021-07-11T14:19:48 IST">
  <testcase classname="Pratice1.Test3" name="ball" time="0.011"/>
  <testcase classname="Pratice1.Test3" name="dog" time="0.002"/>
  <testcase classname="Pratice1.Test3" name="tennis" time="0.002"/>
  <testcase classname="Pratice1.Test3" name="cat" time="0.0">
    <ignored/>
  </testcase> <!-- cat -->
  <testcase classname="Pratice1.Test3" name="bat" time="0.0">
    <ignored/>
  </testcase> <!-- bat -->
</testsuite> <!-- GRP-b -->
