<?xml version="1.0" encoding="UTF-8"?>
<!-- Generated by org.testng.reporters.JUnitXMLReporter -->
<testsuite ignored="0" hostname="abhisharma" failures="0" tests="5" name="GRP-a,b" time="0.293" errors="0" timestamp="2021-04-21T00:22:30 IST">
  <testcase classname="Pratice1.Test3" name="ball" time="0.163"/>
  <testcase classname="Pratice1.Test3" name="bat" time="0.006"/>
  <testcase classname="Pratice1.Test3" name="cat" time="0.002"/>
  <testcase classname="Pratice1.Test3" name="dog" time="0.006"/>
  <testcase classname="Pratice1.Test3" name="tennis" time="0.002"/>
</testsuite> <!-- GRP-a,b -->
