<?xml version="1.0" encoding="UTF-8"?>
<!-- Generated by org.testng.reporters.JUnitXMLReporter -->
<testsuite ignored="0" hostname="abhisharma" failures="1" tests="1" name="Default test(failed)" time="18.253" errors="0" timestamp="2021-04-23T00:07:14 IST">
  <testcase classname="Pratice1.Test2" name="login" time="18.188">
    <failure type="java.lang.AssertionError" message="expected [Search] but found [Searching]">
      <![CDATA[java.lang.AssertionError: expected [Search] but found [Searching]
at Pratice1.Test2.login(Test2.java:28)
at java.base/java.util.ArrayList.forEach(ArrayList.java:1511)
... Removed 33 stack frames]]>
    </failure>
  </testcase> <!-- login -->
</testsuite> <!-- Default test(failed) -->
